<?xml version="1.0" encoding="UTF-8"?>
<!-- Generated by org.testng.reporters.JUnitReportReporter -->
<testsuite hostname="QSP" failures="0" tests="1" name="demo123.Test2" time="0.029" errors="0" timestamp="2021-04-19T18:57:36 IST" skipped="0">
  <testcase classname="demo123.Test2" name="demo" time="0.029"/>
</testsuite> <!-- demo123.Test2 -->
