<?xml version="1.0" encoding="UTF-8"?>
<!-- Generated by org.testng.reporters.JUnitReportReporter -->
<testsuite hostname="QSP" failures="0" tests="1" name="demo123.Test3" time="0.002" errors="0" timestamp="2021-04-03T11:50:57 IST" skipped="0">
  <testcase classname="demo123.Test3" name="demo" time="0.002"/>
</testsuite> <!-- demo123.Test3 -->
