<?xml version="1.0" encoding="UTF-8"?>
<!-- Generated by org.testng.reporters.JUnitReportReporter -->
<testsuite hostname="QSP" failures="0" tests="1" name="demo123.Test0" time="0.003" errors="0" timestamp="2021-04-03T07:44:47 IST" skipped="0">
  <testcase classname="demo123.Test0" name="demo" time="0.003"/>
</testsuite> <!-- demo123.Test0 -->
